<?xml version="1.0" encoding="UTF-8"?>
<!-- Generated by org.testng.reporters.JUnitXMLReporter -->
<testsuite ignored="0" hostname="HP" failures="0" tests="4" name="Testsuite" time="0.097" errors="0" timestamp="2024-07-04T10:49:15 IST">
  <testcase classname="TestNG.NewTest2" name="friday" time="0.015"/>
  <testcase classname="TestNG.NewTest2" name="month" time="0.004"/>
  <testcase classname="TestNG.NewTest" name="hello" time="0.006"/>
  <testcase classname="TestNG.NewTest" name="welcome" time="0.003"/>
</testsuite> <!-- Testsuite -->
