<?xml version="1.0" encoding="UTF-8"?>
<testng-results ignored="0" total="2" passed="2" failed="0" skipped="0">
  <reporter-output>
  </reporter-output>
  <suite started-at="2024-07-09T15:05:53 IST" name="Default suite" finished-at="2024-07-09T15:06:11 IST" duration-ms="17453">
    <groups>
    </groups>
    <test started-at="2024-07-09T15:05:53 IST" name="Default test" finished-at="2024-07-09T15:06:11 IST" duration-ms="17453">
      <class name="TestNG.DataProvider">
        <test-method is-config="true" signature="setup()[pri:0, instance:TestNG.DataProvider@131774fe]" started-at="2024-07-09T15:05:53 IST" name="setup" finished-at="2024-07-09T15:06:04 IST" duration-ms="10110" status="PASS">
          <reporter-output>
          </reporter-output>
        </test-method> <!-- setup -->
        <test-method signature="test_source(java.lang.String,java.lang.String)[pri:0, instance:TestNG.DataProvider@131774fe]" started-at="2024-07-09T15:06:04 IST" name="test_source" data-provider="dp" finished-at="2024-07-09T15:06:07 IST" duration-ms="3287" status="PASS">
          <params>
            <param index="0">
              <value>
                <![CDATA[Admin]]>
              </value>
            </param>
            <param index="1">
              <value>
                <![CDATA[admin123]]>
              </value>
            </param>
          </params>
          <reporter-output>
          </reporter-output>
        </test-method> <!-- test_source -->
        <test-method signature="test_source(java.lang.String,java.lang.String)[pri:0, instance:TestNG.DataProvider@131774fe]" started-at="2024-07-09T15:06:07 IST" name="test_source" data-provider="dp" finished-at="2024-07-09T15:06:11 IST" duration-ms="3735" status="PASS">
          <params>
            <param index="0">
              <value>
                <![CDATA[Admin]]>
              </value>
            </param>
            <param index="1">
              <value>
                <![CDATA[admin123]]>
              </value>
            </param>
          </params>
          <reporter-output>
          </reporter-output>
        </test-method> <!-- test_source -->
        <test-method is-config="true" signature="teardown()[pri:0, instance:TestNG.DataProvider@131774fe]" started-at="2024-07-09T15:06:11 IST" name="teardown" finished-at="2024-07-09T15:06:11 IST" duration-ms="248" status="PASS">
          <reporter-output>
          </reporter-output>
        </test-method> <!-- teardown -->
      </class> <!-- TestNG.DataProvider -->
    </test> <!-- Default test -->
  </suite> <!-- Default suite -->
</testng-results>
